<?xml version="1.0" encoding="UTF-8"?>
<!-- Generated by org.testng.reporters.JUnitReportReporter -->
<testsuite hostname="LAPTOP-2LSN41AV" failures="0" tests="1" name="com.Automation.BDDGet" time="4.649" errors="0" timestamp="2021-06-14T15:16:17 GST" skipped="0">
  <testcase classname="com.Automation.BDDGet" name="get" time="4.649"/>
  <system-out/>
</testsuite> <!-- com.Automation.BDDGet -->
