<?xml version="1.0" encoding="UTF-8"?>
<!-- Generated by org.testng.reporters.JUnitReportReporter -->
<testsuite hostname="LAPTOP-2LSN41AV" failures="0" tests="2" name="com.Automation.TestScriptParameterization" time="6.471" errors="0" timestamp="2021-06-08T16:28:20 GST" skipped="0">
  <testcase classname="com.Automation.TestScriptParameterization" name="eCreateToken" time="5.232"/>
  <system-out/>
  <testcase classname="com.Automation.TestScriptParameterization" name="deleteRequest" time="1.239"/>
  <system-out/>
</testsuite> <!-- com.Automation.TestScriptParameterization -->
