<?xml version="1.0" encoding="UTF-8"?>
<!-- Generated by org.testng.reporters.JUnitReportReporter -->
<testsuite hostname="LAPTOP-2LSN41AV" failures="0" tests="4" name="com.Automation.TestngPost1" time="5.970" errors="0" timestamp="2021-06-04T23:01:57 GST" skipped="0">
  <testcase classname="com.Automation.TestngPost1" name="postRequest" time="3.543"/>
  <system-out/>
  <testcase classname="com.Automation.TestngPost1" name="getRequest" time="0.670"/>
  <system-out/>
  <testcase classname="com.Automation.TestngPost1" name="getRequest" time="1.181"/>
  <system-out/>
  <testcase classname="com.Automation.TestngPost1" name="getRequest" time="0.576"/>
  <system-out/>
</testsuite> <!-- com.Automation.TestngPost1 -->
