<?xml version="1.0" encoding="UTF-8"?>
<!-- Generated by org.testng.reporters.JUnitReportReporter -->
<testsuite hostname="LAPTOP-2LSN41AV" failures="0" tests="1" name="com.Automation.GetRequestTestNG" time="2.277" errors="0" timestamp="2021-05-31T20:10:55 GST" skipped="0">
  <testcase classname="com.Automation.GetRequestTestNG" name="getTest" time="2.277"/>
  <system-out/>
</testsuite> <!-- com.Automation.GetRequestTestNG -->
