<?xml version="1.0" encoding="UTF-8"?>
<!-- Generated by org.testng.reporters.JUnitReportReporter -->
<testsuite hostname="LAPTOP-2LSN41AV" failures="0" tests="1" name="com.Automation.TestngPost" time="4.546" errors="0" timestamp="2021-06-04T22:44:04 GST" skipped="0">
  <testcase classname="com.Automation.TestngPost" name="postRequest" time="4.546"/>
  <system-out/>
</testsuite> <!-- com.Automation.TestngPost -->
