<?xml version="1.0" encoding="UTF-8"?>
<!-- Generated by org.testng.reporters.JUnitReportReporter -->
<testsuite hostname="LAPTOP-2LSN41AV" failures="0" tests="1" name="com.Automation.TestScript2" time="3.247" errors="0" timestamp="2021-06-08T16:59:16 GST" skipped="0">
  <testcase classname="com.Automation.TestScript2" name="postTest" time="3.247"/>
  <system-out/>
</testsuite> <!-- com.Automation.TestScript2 -->
