<?xml version="1.0" encoding="UTF-8"?>
<!-- Generated by org.testng.reporters.JUnitReportReporter -->
<testsuite hostname="LAPTOP-2LSN41AV" failures="0" tests="1" name="com.Automation.Testng" time="2.387" errors="0" timestamp="2021-06-04T19:17:18 GST" skipped="0">
  <testcase classname="com.Automation.Testng" name="getRequest" time="2.387"/>
  <system-out/>
</testsuite> <!-- com.Automation.Testng -->
