<?xml version="1.0" encoding="UTF-8"?>
<!-- Generated by org.testng.reporters.JUnitReportReporter -->
<testsuite hostname="LAPTOP-2LSN41AV" failures="0" tests="1" name="com.Automation.BDDPost" time="4.019" errors="0" timestamp="2021-06-14T17:42:12 GST" skipped="0">
  <testcase classname="com.Automation.BDDPost" name="post" time="4.019"/>
  <system-out/>
</testsuite> <!-- com.Automation.BDDPost -->
