<?xml version="1.0" encoding="UTF-8"?>
<!-- Generated by org.testng.reporters.JUnitReportReporter -->
<testsuite hostname="LAPTOP-2LSN41AV" failures="0" tests="2" name="com.Automation.ExcelPostMethod" time="5.160" errors="0" timestamp="2021-06-12T19:56:43 GST" skipped="0">
  <testcase classname="com.Automation.ExcelPostMethod" name="postTest" time="4.106"/>
  <system-out/>
  <testcase classname="com.Automation.ExcelPostMethod" name="postTest" time="1.054"/>
  <system-out/>
</testsuite> <!-- com.Automation.ExcelPostMethod -->
