<?xml version="1.0" encoding="UTF-8"?>
<!-- Generated by org.testng.reporters.JUnitReportReporter -->
<testsuite hostname="LAPTOP-2LSN41AV" failures="0" tests="2" name="com.Automation.CreateMap" time="5.003" errors="0" timestamp="2021-06-12T20:10:43 GST" skipped="0">
  <testcase classname="com.Automation.CreateMap" name="postTest" time="1.055"/>
  <system-out/>
  <testcase classname="com.Automation.CreateMap" name="postTest" time="3.948"/>
  <system-out/>
</testsuite> <!-- com.Automation.CreateMap -->
