<?xml version="1.0" encoding="UTF-8"?>
<!-- Generated by org.testng.reporters.JUnitReportReporter -->
<testsuite hostname="LAPTOP-2LSN41AV" failures="0" tests="2" name="com.Automation.TestDataProvider" time="5.722" errors="0" timestamp="2021-06-08T17:26:07 GST" skipped="0">
  <testcase classname="com.Automation.TestDataProvider" name="postTest" time="4.307"/>
  <system-out/>
  <testcase classname="com.Automation.TestDataProvider" name="postTest" time="1.415"/>
  <system-out/>
</testsuite> <!-- com.Automation.TestDataProvider -->
